<?xml version="1.0" encoding="UTF-8"?>
<testsuite name="com.frank.result.LibraryTestSuite" tests="1" skipped="0" failures="0" errors="0" timestamp="2020-06-25T23:53:40" hostname="easypowerdeMacBook-Pro.local" time="0.031">
  <properties/>
  <testcase name="Main" classname="com.frank.result.LibraryTestSuite" time="0.031"/>
  <system-out><![CDATA[]]></system-out>
  <system-err><![CDATA[]]></system-err>
</testsuite>
