<?xml version="1.0" encoding="UTF-8"?>
<testsuite name="com.frank.result.LibraryTestSuite" tests="1" skipped="0" failures="0" errors="0" timestamp="2020-07-11T05:39:07" hostname="easypowerdeMacBook-Pro.local" time="0.029">
  <properties/>
  <testcase name="Map" classname="com.frank.result.LibraryTestSuite" time="0.029"/>
  <system-out><![CDATA[100
]]></system-out>
  <system-err><![CDATA[]]></system-err>
</testsuite>
