<?xml version="1.0" encoding="UTF-8"?>
<testsuite name="com.frank.result.LibraryTestSuite" tests="13" skipped="0" failures="0" errors="0" timestamp="2020-07-12T01:13:16" hostname="easypowerdeMacBook-Pro.local" time="0.078">
  <properties/>
  <testcase name="exists" classname="com.frank.result.LibraryTestSuite" time="0.035"/>
  <testcase name="map" classname="com.frank.result.LibraryTestSuite" time="0.003"/>
  <testcase name="contains" classname="com.frank.result.LibraryTestSuite" time="0.001"/>
  <testcase name="containsErr" classname="com.frank.result.LibraryTestSuite" time="0.002"/>
  <testcase name="flatMap" classname="com.frank.result.LibraryTestSuite" time="0.004"/>
  <testcase name="foreach" classname="com.frank.result.LibraryTestSuite" time="0.005"/>
  <testcase name="unwarp" classname="com.frank.result.LibraryTestSuite" time="0.001"/>
  <testcase name="exception" classname="com.frank.result.LibraryTestSuite" time="0.002"/>
  <testcase name="isOk" classname="com.frank.result.LibraryTestSuite" time="0.002"/>
  <testcase name="isErr" classname="com.frank.result.LibraryTestSuite" time="0.001"/>
  <testcase name="err" classname="com.frank.result.LibraryTestSuite" time="0.003"/>
  <testcase name="ok" classname="com.frank.result.LibraryTestSuite" time="0.001"/>
  <testcase name="ok_else" classname="com.frank.result.LibraryTestSuite" time="0.001"/>
  <system-out><![CDATA[]]></system-out>
  <system-err><![CDATA[]]></system-err>
</testsuite>
